<?xml version="1.0" encoding="UTF-8"?>
<!-- Generated by org.testng.reporters.JUnitReportReporter -->
<testsuite skipped="0" hostname="LAPTOP-I2DQ2R0M" name="coms.test.T_Mobile" tests="7" failures="0" timestamp="2020-06-09T16:55:10 IST" time="40.432" errors="0">
  <testcase name="setup" time="17.555" classname="coms.test.T_Mobile"/>
  <system-out/>
  <testcase name="header" time="7.278" classname="coms.test.T_Mobile"/>
  <system-out/>
  <testcase name="footer" time="13.081" classname="coms.test.T_Mobile"/>
  <system-out/>
  <testcase name="plan" time="0.760" classname="coms.test.T_Mobile"/>
  <system-out/>
  <testcase name="coverage" time="0.602" classname="coms.test.T_Mobile"/>
  <system-out/>
  <testcase name="Devices" time="0.600" classname="coms.test.T_Mobile"/>
  <system-out/>
  <testcase name="BusinessSolution" time="0.556" classname="coms.test.T_Mobile"/>
  <system-out/>
</testsuite> <!-- coms.test.T_Mobile -->
