<?xml version="1.0" encoding="UTF-8"?>
<!-- Generated by org.testng.reporters.JUnitReportReporter -->
<testsuite skipped="0" hostname="LAPTOP-I2DQ2R0M" name="coms.test.T_Mobile" tests="7" failures="0" timestamp="2020-05-25T14:41:50 IST" time="54.498" errors="0">
  <testcase name="setup" time="46.333" classname="coms.test.T_Mobile"/>
  <system-out/>
  <testcase name="header" time="0.425" classname="coms.test.T_Mobile"/>
  <system-out/>
  <testcase name="footer" time="6.581" classname="coms.test.T_Mobile"/>
  <system-out/>
  <testcase name="plan" time="0.528" classname="coms.test.T_Mobile"/>
  <system-out/>
  <testcase name="coverage" time="0.163" classname="coms.test.T_Mobile"/>
  <system-out/>
  <testcase name="Devices" time="0.215" classname="coms.test.T_Mobile"/>
  <system-out/>
  <testcase name="BusinessSolution" time="0.253" classname="coms.test.T_Mobile"/>
  <system-out/>
</testsuite> <!-- coms.test.T_Mobile -->
