<?xml version="1.0" encoding="UTF-8"?>
<!-- Generated by org.testng.reporters.JUnitReportReporter -->
<testsuite skipped="0" hostname="LAPTOP-I2DQ2R0M" name="coms.test.Devices" tests="7" failures="0" timestamp="2020-06-09T17:02:33 IST" time="99.056" errors="0">
  <testcase name="setup" time="23.481" classname="coms.test.Devices"/>
  <system-out/>
  <testcase name="devices" time="6.017" classname="coms.test.Devices"/>
  <system-out/>
  <testcase name="SelctedColour" time="0.601" classname="coms.test.Devices"/>
  <system-out/>
  <testcase name="price" time="0.409" classname="coms.test.Devices"/>
  <system-out/>
  <testcase name="memory" time="2.939" classname="coms.test.Devices"/>
  <system-out/>
  <testcase name="feature" time="65.095" classname="coms.test.Devices"/>
  <system-out/>
  <testcase name="ContactUs" time="0.514" classname="coms.test.Devices"/>
  <system-out/>
</testsuite> <!-- coms.test.Devices -->
