<?xml version="1.0" encoding="UTF-8"?>
<!-- Generated by org.testng.reporters.JUnitReportReporter -->
<testsuite skipped="0" hostname="LAPTOP-I2DQ2R0M" name="coms.test.Base" tests="1" failures="0" timestamp="2020-05-25T14:41:50 IST" time="60.576" errors="0">
  <testcase name="setup" time="60.576" classname="coms.test.Base"/>
  <system-out/>
</testsuite> <!-- coms.test.Base -->
