<?xml version="1.0" encoding="UTF-8"?>
<!-- Generated by org.testng.reporters.JUnitReportReporter -->
<testsuite skipped="0" hostname="LAPTOP-I2DQ2R0M" name="coms.test.T_Mobile" tests="7" failures="0" timestamp="2020-05-23T18:13:07 IST" time="33.429" errors="0">
  <testcase name="setup" time="25.293" classname="coms.test.T_Mobile"/>
  <system-out/>
  <testcase name="header" time="0.650" classname="coms.test.T_Mobile"/>
  <system-out/>
  <testcase name="footer" time="6.629" classname="coms.test.T_Mobile"/>
  <system-out/>
  <testcase name="plan" time="0.249" classname="coms.test.T_Mobile"/>
  <system-out/>
  <testcase name="coverage" time="0.217" classname="coms.test.T_Mobile"/>
  <system-out/>
  <testcase name="Devices" time="0.184" classname="coms.test.T_Mobile"/>
  <system-out/>
  <testcase name="BusinessSolution" time="0.207" classname="coms.test.T_Mobile"/>
  <system-out/>
</testsuite> <!-- coms.test.T_Mobile -->
