<?xml version="1.0" encoding="UTF-8"?>
<!-- Generated by org.testng.reporters.JUnitReportReporter -->
<testsuite skipped="0" hostname="LAPTOP-I2DQ2R0M" name="coms.test.T_Mobile" tests="7" failures="0" timestamp="2020-05-23T18:48:36 IST" time="42.901" errors="0">
  <testcase name="setup" time="35.843" classname="coms.test.T_Mobile"/>
  <system-out/>
  <testcase name="header" time="0.479" classname="coms.test.T_Mobile"/>
  <system-out/>
  <testcase name="footer" time="5.656" classname="coms.test.T_Mobile"/>
  <system-out/>
  <testcase name="plan" time="0.189" classname="coms.test.T_Mobile"/>
  <system-out/>
  <testcase name="coverage" time="0.187" classname="coms.test.T_Mobile"/>
  <system-out/>
  <testcase name="Devices" time="0.260" classname="coms.test.T_Mobile"/>
  <system-out/>
  <testcase name="BusinessSolution" time="0.287" classname="coms.test.T_Mobile"/>
  <system-out/>
</testsuite> <!-- coms.test.T_Mobile -->
