<?xml version="1.0" encoding="UTF-8"?>
<!-- Generated by org.testng.reporters.JUnitReportReporter -->
<testsuite skipped="0" hostname="LAPTOP-I2DQ2R0M" name="coms.test.Base" tests="1" failures="0" timestamp="2020-05-23T00:08:45 IST" time="21.829" errors="0">
  <testcase name="setup" time="21.829" classname="coms.test.Base"/>
  <system-out/>
</testsuite> <!-- coms.test.Base -->
