<?xml version="1.0" encoding="UTF-8"?>
<!-- Generated by org.testng.reporters.JUnitReportReporter -->
<testsuite skipped="0" hostname="LAPTOP-I2DQ2R0M" name="coms.test.Devices" tests="7" failures="0" timestamp="2020-05-25T14:41:50 IST" time="64.856" errors="0">
  <testcase name="setup" time="53.195" classname="coms.test.Devices"/>
  <system-out/>
  <testcase name="devices" time="5.486" classname="coms.test.Devices"/>
  <system-out/>
  <testcase name="SelctedColour" time="2.585" classname="coms.test.Devices"/>
  <system-out/>
  <testcase name="price" time="0.030" classname="coms.test.Devices"/>
  <system-out/>
  <testcase name="memory" time="2.595" classname="coms.test.Devices"/>
  <system-out/>
  <testcase name="feature" time="0.870" classname="coms.test.Devices"/>
  <system-out/>
  <testcase name="ContactUs" time="0.095" classname="coms.test.Devices"/>
  <system-out/>
</testsuite> <!-- coms.test.Devices -->
