<?xml version="1.0" encoding="UTF-8"?>
<!-- Generated by org.testng.reporters.JUnitReportReporter -->
<testsuite skipped="0" hostname="LAPTOP-I2DQ2R0M" name="coms.test.T_Mobile" tests="7" failures="0" timestamp="2020-06-09T15:46:26 IST" time="44.924" errors="0">
  <testcase name="setup" time="28.900" classname="coms.test.T_Mobile"/>
  <system-out/>
  <testcase name="header" time="3.313" classname="coms.test.T_Mobile"/>
  <system-out/>
  <testcase name="footer" time="10.762" classname="coms.test.T_Mobile"/>
  <system-out/>
  <testcase name="plan" time="0.542" classname="coms.test.T_Mobile"/>
  <system-out/>
  <testcase name="coverage" time="0.471" classname="coms.test.T_Mobile"/>
  <system-out/>
  <testcase name="Devices" time="0.465" classname="coms.test.T_Mobile"/>
  <system-out/>
  <testcase name="BusinessSolution" time="0.471" classname="coms.test.T_Mobile"/>
  <system-out/>
</testsuite> <!-- coms.test.T_Mobile -->
